<?xml version="1.0" encoding="UTF-8"?>
<testng-results ignored="0" total="3" passed="3" failed="0" skipped="0">
  <reporter-output>
  </reporter-output>
  <suite started-at="2023-11-23T17:42:09 IST" name="Default suite" finished-at="2023-11-23T17:42:09 IST" duration-ms="118">
    <groups>
    </groups>
    <test started-at="2023-11-23T17:42:09 IST" name="Default test" finished-at="2023-11-23T17:42:09 IST" duration-ms="118">
      <class name="Sdet.testone">
        <test-method signature="LoginTest(java.lang.String,java.lang.String)[pri:0, instance:Sdet.testone@c8c12ac]" started-at="2023-11-23T17:42:09 IST" name="LoginTest" data-provider="getData" finished-at="2023-11-23T17:42:09 IST" duration-ms="20" status="PASS">
          <params>
            <param index="0">
              <value>
                <![CDATA[arun]]>
              </value>
            </param>
            <param index="1">
              <value>
                <![CDATA[12345]]>
              </value>
            </param>
          </params>
          <reporter-output>
          </reporter-output>
        </test-method> <!-- LoginTest -->
        <test-method signature="LoginTest(java.lang.String,java.lang.String)[pri:0, instance:Sdet.testone@c8c12ac]" started-at="2023-11-23T17:42:09 IST" name="LoginTest" data-provider="getData" finished-at="2023-11-23T17:42:09 IST" duration-ms="3" status="PASS">
          <params>
            <param index="0">
              <value>
                <![CDATA[varun]]>
              </value>
            </param>
            <param index="1">
              <value>
                <![CDATA[4567]]>
              </value>
            </param>
          </params>
          <reporter-output>
          </reporter-output>
        </test-method> <!-- LoginTest -->
        <test-method signature="LoginTest(java.lang.String,java.lang.String)[pri:0, instance:Sdet.testone@c8c12ac]" started-at="2023-11-23T17:42:09 IST" name="LoginTest" data-provider="getData" finished-at="2023-11-23T17:42:09 IST" duration-ms="6" status="PASS">
          <params>
            <param index="0">
              <value>
                <![CDATA[tharun]]>
              </value>
            </param>
            <param index="1">
              <value>
                <![CDATA[9123]]>
              </value>
            </param>
          </params>
          <reporter-output>
          </reporter-output>
        </test-method> <!-- LoginTest -->
      </class> <!-- Sdet.testone -->
    </test> <!-- Default test -->
  </suite> <!-- Default suite -->
</testng-results>
