<?xml version="1.0" encoding="UTF-8"?>
<!-- Generated by org.testng.reporters.JUnitXMLReporter -->
<testsuite ignored="0" hostname="DESKTOP-6USQ61I" failures="0" tests="3" name="firefoxtest" time="0.078" errors="0" timestamp="2024-06-19T11:57:08 IST">
  <testcase classname="Assertations.ParamTest" name="testLogo" time="0.001">
    <skipped/>
  </testcase> <!-- testLogo -->
  <testcase classname="Assertations.ParamTest" name="testTitle" time="0.0">
    <skipped/>
  </testcase> <!-- testTitle -->
  <testcase classname="Assertations.ParamTest" name="testURL" time="0.0">
    <skipped/>
  </testcase> <!-- testURL -->
</testsuite> <!-- firefoxtest -->
