<?xml version="1.0" encoding="UTF-8"?>
<!-- Generated by org.testng.reporters.JUnitXMLReporter -->
<testsuite ignored="0" hostname="DESKTOP-6USQ61I" failures="0" tests="7" name="my Test" time="9.936" errors="0" timestamp="2024-06-17T00:15:09 IST">
  <testcase classname="TestNG.OrangeHRMTest" name="openApp" time="8.223"/>
  <testcase classname="TestNG.OrangeHRMTest" name="testLogo" time="0.709"/>
  <testcase classname="TestNG.OrangeHRMTest" name="testLogin" time="0.545"/>
  <testcase classname="TestNG.OrangeHRMTest" name="close" time="0.292"/>
  <testcase classname="TestNG.FirstTestCase" name="openApp" time="0.004"/>
  <testcase classname="TestNG.FirstTestCase" name="login" time="0.003"/>
  <testcase classname="TestNG.FirstTestCase" name="logout" time="0.007"/>
</testsuite> <!-- my Test -->
